{
  "stats": {
    "suites": 1,
    "tests": 4,
    "passes": 4,
    "pending": 0,
    "failures": 0,
    "start": "2021-05-30T21:14:12.478Z",
    "end": "2021-05-30T21:14:35.041Z",
    "duration": 22563,
    "testsRegistered": 4,
    "passPercent": 100,
    "pendingPercent": 0,
    "other": 0,
    "hasOther": false,
    "skipped": 0,
    "hasSkipped": false
  },
  "results": [
    {
      "uuid": "4337f981-fc6e-4376-85db-a064f80a27b4",
      "title": "",
      "fullFile": "cypress/integration/productPageTest.js",
      "file": "cypress/integration/productPageTest.js",
      "beforeHooks": [],
      "afterHooks": [],
      "tests": [],
      "suites": [
        {
          "uuid": "9bf9723a-876d-4f47-8660-f0112c44bcc9",
          "title": "Testing Geared Up Apparel",
          "fullFile": "",
          "file": "",
          "beforeHooks": [],
          "afterHooks": [],
          "tests": [
            {
              "title": "Adding GEARED UP TRIPLE BLACK SHOES",
              "fullTitle": "Testing Geared Up Apparel Adding GEARED UP TRIPLE BLACK SHOES",
              "timedOut": null,
              "duration": 18465,
              "state": "passed",
              "speed": "slow",
              "pass": true,
              "fail": false,
              "pending": false,
              "context": null,
              "code": "cy.get(\".main-container\").eq(0).then($element => {\n  cy.log($element);\n  cy.wrap($element).children().last().then($element => {\n    cy.log($element);\n    cy.screenshot();\n    cy.wrap($element).children().should(\"have.length\", 6).then($element => {\n      cy.log($element);\n      cy.wrap($element).eq(4).should(\"have.id\", \"prod1addBtn\").click();\n    });\n  });\n});",
              "err": {},
              "uuid": "1541d0fc-db98-48f6-9721-034d0a4cd985",
              "parentUUID": "9bf9723a-876d-4f47-8660-f0112c44bcc9",
              "isHook": false,
              "skipped": false
            },
            {
              "title": "Adding 2 GEARED UP BACK-TO-SCHOOL BACKPACKS",
              "fullTitle": "Testing Geared Up Apparel Adding 2 GEARED UP BACK-TO-SCHOOL BACKPACKS",
              "timedOut": null,
              "duration": 326,
              "state": "passed",
              "speed": "slow",
              "pass": true,
              "fail": false,
              "pending": false,
              "context": null,
              "code": "cy.get(\".main-container\").eq(1).then($element => {\n  cy.log($element);\n  cy.wrap($element).children().find('button').eq(0).then($element => {\n    cy.log($element);\n    cy.wrap($element).should(\"have.id\", \"prod2addBtn\").dblclick();\n  });\n});",
              "err": {},
              "uuid": "d1d232cd-343d-4faa-9e48-26bff0687e5a",
              "parentUUID": "9bf9723a-876d-4f47-8660-f0112c44bcc9",
              "isHook": false,
              "skipped": false
            },
            {
              "title": "Adding GEARED UP BLACK SHORT SLEEVES T-SHIRT",
              "fullTitle": "Testing Geared Up Apparel Adding GEARED UP BLACK SHORT SLEEVES T-SHIRT",
              "timedOut": null,
              "duration": 212,
              "state": "passed",
              "speed": "slow",
              "pass": true,
              "fail": false,
              "pending": false,
              "context": null,
              "code": "cy.get(\".main-container\").eq(2).then($element => {\n  cy.log($element);\n  cy.wrap($element).children().eq(1).children().then($element => {\n    cy.log($element);\n    cy.wrap($element).eq(4).should(\"have.id\", \"prod3addBtn\").click();\n  });\n});",
              "err": {},
              "uuid": "42871796-fc67-48da-af4b-6ea96f407df9",
              "parentUUID": "9bf9723a-876d-4f47-8660-f0112c44bcc9",
              "isHook": false,
              "skipped": false
            },
            {
              "title": "Adding ARROW EARRINGS",
              "fullTitle": "Testing Geared Up Apparel Adding ARROW EARRINGS",
              "timedOut": null,
              "duration": 150,
              "state": "passed",
              "speed": "slow",
              "pass": true,
              "fail": false,
              "pending": false,
              "context": null,
              "code": "cy.get(\".main-container\").eq(3).children().then($element => {\n  cy.log($element);\n  cy.wrap($element).last().find(\"button\").eq(0).then($element => {\n    cy.log($element);\n    cy.wrap($element).should(\"have.id\", \"prod4addBtn\").click();\n  });\n});",
              "err": {},
              "uuid": "8875ad99-41ff-4fb5-bb14-a30095dac22e",
              "parentUUID": "9bf9723a-876d-4f47-8660-f0112c44bcc9",
              "isHook": false,
              "skipped": false
            }
          ],
          "suites": [],
          "passes": [
            "1541d0fc-db98-48f6-9721-034d0a4cd985",
            "d1d232cd-343d-4faa-9e48-26bff0687e5a",
            "42871796-fc67-48da-af4b-6ea96f407df9",
            "8875ad99-41ff-4fb5-bb14-a30095dac22e"
          ],
          "failures": [],
          "pending": [],
          "skipped": [],
          "duration": 19153,
          "root": false,
          "rootEmpty": false,
          "_timeout": 2000
        }
      ],
      "passes": [],
      "failures": [],
      "pending": [],
      "skipped": [],
      "duration": 0,
      "root": true,
      "rootEmpty": true,
      "_timeout": 2000
    }
  ],
  "meta": {
    "mocha": {
      "version": "7.0.1"
    },
    "mochawesome": {
      "options": {
        "quiet": false,
        "reportFilename": "mochawesome",
        "saveHtml": true,
        "saveJson": true,
        "consoleReporter": "spec",
        "useInlineDiffs": false,
        "code": true
      },
      "version": "6.2.2"
    },
    "marge": {
      "options": {
        "reportDir": "cypress/report/mochawesome-report",
        "overwrite": false,
        "html": true,
        "json": true,
        "timestamp": "mmddyyyy_HHMMss"
      },
      "version": "5.2.0"
    }
  }
}