{
  "stats": {
    "suites": 1,
    "tests": 4,
    "passes": 4,
    "pending": 0,
    "failures": 0,
    "start": "2021-05-30T21:22:29.238Z",
    "end": "2021-05-30T21:22:42.455Z",
    "duration": 13217,
    "testsRegistered": 4,
    "passPercent": 100,
    "pendingPercent": 0,
    "other": 0,
    "hasOther": false,
    "skipped": 0,
    "hasSkipped": false
  },
  "results": [
    {
      "uuid": "94f60144-b1da-44c1-8fe8-b6635ec21b64",
      "title": "",
      "fullFile": "cypress/integration/productPageTest.js",
      "file": "cypress/integration/productPageTest.js",
      "beforeHooks": [],
      "afterHooks": [],
      "tests": [],
      "suites": [
        {
          "uuid": "4529b390-b9bd-4613-93ba-ae4c132dcec7",
          "title": "Testing Geared Up Apparel",
          "fullFile": "",
          "file": "",
          "beforeHooks": [],
          "afterHooks": [],
          "tests": [
            {
              "title": "Adding GEARED UP TRIPLE BLACK SHOES",
              "fullTitle": "Testing Geared Up Apparel Adding GEARED UP TRIPLE BLACK SHOES",
              "timedOut": null,
              "duration": 10527,
              "state": "passed",
              "speed": "slow",
              "pass": true,
              "fail": false,
              "pending": false,
              "context": null,
              "code": "cy.get(\".main-container\").eq(0).then($element => {\n  cy.log($element);\n  cy.wrap($element).children().last().then($element => {\n    cy.log($element);\n    cy.screenshot();\n    cy.wrap($element).children().should(\"have.length\", 6).then($element => {\n      cy.log($element);\n      cy.wrap($element).eq(4).should(\"have.id\", \"prod1addBtn\").click();\n    });\n  });\n});",
              "err": {},
              "uuid": "23ac513b-a58e-4c67-94fa-c216d30311ea",
              "parentUUID": "4529b390-b9bd-4613-93ba-ae4c132dcec7",
              "isHook": false,
              "skipped": false
            },
            {
              "title": "Adding 2 GEARED UP BACK-TO-SCHOOL BACKPACKS",
              "fullTitle": "Testing Geared Up Apparel Adding 2 GEARED UP BACK-TO-SCHOOL BACKPACKS",
              "timedOut": null,
              "duration": 308,
              "state": "passed",
              "speed": "slow",
              "pass": true,
              "fail": false,
              "pending": false,
              "context": null,
              "code": "cy.get(\".main-container\").eq(1).then($element => {\n  cy.log($element);\n  cy.wrap($element).children().find('button').eq(0).then($element => {\n    cy.log($element);\n    cy.wrap($element).should(\"have.id\", \"prod2addBtn\").dblclick();\n  });\n});",
              "err": {},
              "uuid": "778a54f9-5fb6-48e1-8983-4beb6bb66b04",
              "parentUUID": "4529b390-b9bd-4613-93ba-ae4c132dcec7",
              "isHook": false,
              "skipped": false
            },
            {
              "title": "Adding GEARED UP BLACK SHORT SLEEVES T-SHIRT",
              "fullTitle": "Testing Geared Up Apparel Adding GEARED UP BLACK SHORT SLEEVES T-SHIRT",
              "timedOut": null,
              "duration": 153,
              "state": "passed",
              "speed": "slow",
              "pass": true,
              "fail": false,
              "pending": false,
              "context": null,
              "code": "cy.get(\".main-container\").eq(2).then($element => {\n  cy.log($element);\n  cy.wrap($element).children().eq(1).children().then($element => {\n    cy.log($element);\n    cy.wrap($element).eq(4).should(\"have.id\", \"prod3addBtn\").click();\n  });\n});",
              "err": {},
              "uuid": "fad7a1a4-a032-41ed-85cf-2f873f876942",
              "parentUUID": "4529b390-b9bd-4613-93ba-ae4c132dcec7",
              "isHook": false,
              "skipped": false
            },
            {
              "title": "Adding ARROW EARRINGS",
              "fullTitle": "Testing Geared Up Apparel Adding ARROW EARRINGS",
              "timedOut": null,
              "duration": 191,
              "state": "passed",
              "speed": "slow",
              "pass": true,
              "fail": false,
              "pending": false,
              "context": null,
              "code": "cy.get(\".main-container\").eq(3).children().then($element => {\n  cy.log($element);\n  cy.wrap($element).last().find(\"button\").eq(0).then($element => {\n    cy.log($element);\n    cy.wrap($element).should(\"have.id\", \"prod4addBtn\").click();\n  });\n});",
              "err": {},
              "uuid": "5bf3138b-d87d-48b9-8fd3-7e0bec32307c",
              "parentUUID": "4529b390-b9bd-4613-93ba-ae4c132dcec7",
              "isHook": false,
              "skipped": false
            }
          ],
          "suites": [],
          "passes": [
            "23ac513b-a58e-4c67-94fa-c216d30311ea",
            "778a54f9-5fb6-48e1-8983-4beb6bb66b04",
            "fad7a1a4-a032-41ed-85cf-2f873f876942",
            "5bf3138b-d87d-48b9-8fd3-7e0bec32307c"
          ],
          "failures": [],
          "pending": [],
          "skipped": [],
          "duration": 11179,
          "root": false,
          "rootEmpty": false,
          "_timeout": 2000
        }
      ],
      "passes": [],
      "failures": [],
      "pending": [],
      "skipped": [],
      "duration": 0,
      "root": true,
      "rootEmpty": true,
      "_timeout": 2000
    }
  ],
  "meta": {
    "mocha": {
      "version": "7.0.1"
    },
    "mochawesome": {
      "options": {
        "quiet": false,
        "reportFilename": "mochawesome",
        "saveHtml": true,
        "saveJson": true,
        "consoleReporter": "spec",
        "useInlineDiffs": false,
        "code": true
      },
      "version": "6.2.2"
    },
    "marge": {
      "options": {
        "reportDir": "cypress/report/mochawesome-report",
        "overwrite": false,
        "html": true,
        "json": true,
        "timestamp": "mmddyyyy_HHMMss"
      },
      "version": "5.2.0"
    }
  }
}